c:\users\leegm\desktop\project\mccmd\debug\vc143.pdb
c:\users\leegm\desktop\project\mccmd\debug\vc143.idb
c:\users\leegm\desktop\project\mccmd\debug\main.obj
c:\users\leegm\desktop\project\mccmd\debug\command.obj
c:\users\minyee2913\desktop\mccmd\debug\vc143.pdb
c:\users\minyee2913\desktop\mccmd\debug\vc143.idb
c:\users\minyee2913\desktop\mccmd\debug\main.obj
c:\users\minyee2913\desktop\mccmd\debug\command.obj
c:\users\leegm\desktop\project\mccmd\debug\mccmd.exe
c:\users\leegm\desktop\project\mccmd\debug\mccmd.ilk
c:\users\leegm\desktop\project\mccmd\debug\mccmd.pdb
c:\users\minyee2913\desktop\mccmd\debug\mccmd.exe
c:\users\minyee2913\desktop\mccmd\debug\mccmd.ilk
c:\users\minyee2913\desktop\mccmd\debug\mccmd.pdb
c:\users\minyee2913\desktop\mccmd\debug\main.obj.enc
c:\users\minyee2913\desktop\mccmd\debug\mccmd.tlog\cl.command.1.tlog
c:\users\minyee2913\desktop\mccmd\debug\mccmd.tlog\cl.read.1.tlog
c:\users\minyee2913\desktop\mccmd\debug\mccmd.tlog\cl.write.1.tlog
c:\users\minyee2913\desktop\mccmd\debug\mccmd.tlog\link.command.1.tlog
c:\users\minyee2913\desktop\mccmd\debug\mccmd.tlog\link.read.1.tlog
c:\users\minyee2913\desktop\mccmd\debug\mccmd.tlog\link.write.1.tlog
